[2025-06-22 18:27:05] error: [POST] /api/evidence - undefined |||| Whole error object => MulterError: Unexpected field
[2025-06-22 18:27:39] error: [POST] /api/evidence - undefined |||| Whole error object => MulterError: Unexpected field
[2025-06-22 18:28:19] error: [POST] /api/evidence - undefined |||| Whole error object => Error [ERR_HTTP_HEADERS_SENT]: Cannot set headers after they are sent to the client
[2025-06-22 18:42:19] error: [GET] /api/fetch-proxy?url=https://fa.yayasankaryabakti.org/aset/manageaset/detailbarcode/02.04.009.03.002.002-001-004/02.04.009.03.002.002-002 - undefined |||| Whole error object => Error [ERR_HTTP_HEADERS_SENT]: Cannot set headers after they are sent to the client
[2025-06-22 22:00:50] error: [POST] /api/upload - undefined |||| Whole error object => Error: Missing or malformed token
[2025-06-22 22:00:50] error: [POST] /api/upload - undefined |||| Whole error object => Error: Missing or malformed token
[2025-06-22 22:00:50] error: [POST] /api/upload - undefined |||| Whole error object => Error: Missing or malformed token
[2025-06-22 22:02:36] error: [POST] /api/evidence - undefined |||| Whole error object => Error [ERR_HTTP_HEADERS_SENT]: Cannot set headers after they are sent to the client
[2025-06-22 22:02:57] error: [POST] /api/evidence - undefined |||| Whole error object => Error [ERR_HTTP_HEADERS_SENT]: Cannot set headers after they are sent to the client
[2025-06-22 22:03:02] error: [POST] /api/evidence - undefined |||| Whole error object => Error [ERR_HTTP_HEADERS_SENT]: Cannot set headers after they are sent to the client
[2025-06-22 22:11:17] error: [GET] /api/fetch-proxy?url=https://fa.yayasankaryabakti.org/aset/manageaset/detailbarcode/02.04.009.03.002.002-001-004/02.04.009.03.002.002-002 - undefined |||| Whole error object => Error [ERR_HTTP_HEADERS_SENT]: Cannot set headers after they are sent to the client
[2025-06-22 22:11:52] error: [GET] /api/fetch-proxy?url=https://fa.yayasankaryabakti.org/aset/manageaset/detailbarcode/02.04.076.06.049.001-001-032/02.04.076.06.049.001-008 - undefined |||| Whole error object => Error [ERR_HTTP_HEADERS_SENT]: Cannot set headers after they are sent to the client
[2025-06-22 22:17:46] error: [GET] /api/fetch-proxy?url=https://fa.yayasankaryabakti.org/aset/manageaset/detailbarcode/02.04.009.03.002.002-001-004/02.04.009.03.002.002-002 - undefined |||| Whole error object => Error [ERR_HTTP_HEADERS_SENT]: Cannot set headers after they are sent to the client
[2025-06-22 22:18:03] error: [GET] /api/fetch-proxy?url=https://fa.yayasankaryabakti.org/aset/manageaset/detailbarcode/02.04.009.03.002.002-001-004/02.04.009.03.002.002-002 - undefined |||| Whole error object => Error [ERR_HTTP_HEADERS_SENT]: Cannot set headers after they are sent to the client
[2025-06-22 22:18:36] error: [GET] /api/fetch-proxy?url=https://fa.yayasankaryabakti.org/aset/manageaset/detailbarcode/02.04.009.03.002.002-001-004/02.04.009.03.002.002-002 - undefined |||| Whole error object => Error [ERR_HTTP_HEADERS_SENT]: Cannot set headers after they are sent to the client
[2025-06-22 22:18:52] error: [GET] /api/fetch-proxy?url=https://fa.yayasankaryabakti.org/aset/manageaset/detailbarcode/02.04.009.03.002.002-001-004/02.04.009.03.002.002-002 - undefined |||| Whole error object => Error [ERR_HTTP_HEADERS_SENT]: Cannot set headers after they are sent to the client
[2025-06-22 22:19:05] error: [GET] /api/fetch-proxy?url=https://fa.yayasankaryabakti.org/aset/manageaset/detailbarcode/02.04.009.03.002.002-001-004/02.04.009.03.002.002-002 - undefined |||| Whole error object => Error [ERR_HTTP_HEADERS_SENT]: Cannot set headers after they are sent to the client
[2025-06-22 22:19:33] error: [GET] /api/fetch-proxy?url=https://fa.yayasankaryabakti.org/aset/manageaset/detailbarcode/02.04.009.03.002.002-001-004/02.04.009.03.002.002-002 - undefined |||| Whole error object => Error [ERR_HTTP_HEADERS_SENT]: Cannot set headers after they are sent to the client
[2025-06-22 22:19:47] error: [GET] /api/fetch-proxy?url=https://fa.yayasankaryabakti.org/aset/manageaset/detailbarcode/02.04.009.03.001.002-001-005/02.04.009.03.001.002-005 - undefined |||| Whole error object => Error [ERR_HTTP_HEADERS_SENT]: Cannot set headers after they are sent to the client
[2025-06-22 22:19:47] error: [GET] /api/machine/byInventoryId/02.04.009.03.001.002-005 - CodeError: |Machine not found |||| Whole error object => [object Object]
[2025-06-22 22:19:48] error: [GET] /api/machine/byInventoryId/02.04.009.03.001.002-005 - CodeError: |Machine not found |||| Whole error object => [object Object]
[2025-06-22 22:19:50] error: [GET] /api/machine/byInventoryId/02.04.009.03.001.002-005 - CodeError: |Machine not found |||| Whole error object => [object Object]
[2025-06-22 22:19:54] error: [GET] /api/machine/byInventoryId/02.04.009.03.001.002-005 - CodeError: |Machine not found |||| Whole error object => [object Object]
[2025-06-22 22:20:35] error: [GET] /api/machine/byInventoryId/02.04.009.03.001.002-005 - CodeError: |Machine not found |||| Whole error object => [object Object]
[2025-06-22 22:20:36] error: [GET] /api/machine/byInventoryId/02.04.009.03.001.002-005 - CodeError: |Machine not found |||| Whole error object => [object Object]
[2025-06-22 22:20:36] error: [GET] /api/fetch-proxy?url=https://fa.yayasankaryabakti.org/aset/manageaset/detailbarcode/02.04.009.03.001.002-001-005/02.04.009.03.001.002-005 - undefined |||| Whole error object => Error [ERR_HTTP_HEADERS_SENT]: Cannot set headers after they are sent to the client
[2025-06-22 22:20:38] error: [GET] /api/machine/byInventoryId/02.04.009.03.001.002-005 - CodeError: |Machine not found |||| Whole error object => [object Object]
[2025-06-22 22:20:42] error: [GET] /api/machine/byInventoryId/02.04.009.03.001.002-005 - CodeError: |Machine not found |||| Whole error object => [object Object]
[2025-06-22 22:20:58] error: [GET] /api/machine/byInventoryId/02.04.009.03.001.002-005 - CodeError: |Machine not found |||| Whole error object => [object Object]
[2025-06-22 22:20:59] error: [GET] /api/fetch-proxy?url=https://fa.yayasankaryabakti.org/aset/manageaset/detailbarcode/02.04.009.03.001.002-001-005/02.04.009.03.001.002-005 - undefined |||| Whole error object => Error [ERR_HTTP_HEADERS_SENT]: Cannot set headers after they are sent to the client
[2025-06-22 22:20:59] error: [GET] /api/machine/byInventoryId/02.04.009.03.001.002-005 - CodeError: |Machine not found |||| Whole error object => [object Object]
[2025-06-22 22:21:01] error: [GET] /api/machine/byInventoryId/02.04.009.03.001.002-005 - CodeError: |Machine not found |||| Whole error object => [object Object]
[2025-06-22 22:29:15] error: [GET] /api/fetch-proxy?url=https://fa.yayasankaryabakti.org/aset/manageaset/detailbarcode/02.04.009.03.001.002-001-005/02.04.009.03.001.002-005 - undefined |||| Whole error object => Error [ERR_HTTP_HEADERS_SENT]: Cannot set headers after they are sent to the client
[2025-06-22 22:29:15] error: [GET] /api/machine/byInventoryId/02.04.009.03.001.002-005 - CodeError: |Machine not found |||| Whole error object => [object Object]
[2025-06-22 22:29:16] error: [GET] /api/machine/byInventoryId/02.04.009.03.001.002-005 - CodeError: |Machine not found |||| Whole error object => [object Object]
[2025-06-22 22:29:18] error: [GET] /api/machine/byInventoryId/02.04.009.03.001.002-005 - CodeError: |Machine not found |||| Whole error object => [object Object]
[2025-06-22 22:29:23] error: [GET] /api/machine/byInventoryId/02.04.009.03.001.002-005 - CodeError: |Machine not found |||| Whole error object => [object Object]
[2025-06-22 22:31:24] error: [GET] /api/fetch-proxy?url=https://fa.yayasankaryabakti.org/aset/manageaset/detailbarcode/02.04.009.03.001.002-001-005/02.04.009.03.001.002-005 - undefined |||| Whole error object => Error [ERR_HTTP_HEADERS_SENT]: Cannot set headers after they are sent to the client
[2025-06-22 22:46:54] error: [GET] /api/fetch-proxy?url=https://fa.yayasankaryabakti.org/aset/manageaset/detailbarcode/02.04.009.03.001.002-001-005/02.04.009.03.001.002-005 - undefined |||| Whole error object => Error [ERR_HTTP_HEADERS_SENT]: Cannot set headers after they are sent to the client
[2025-06-22 22:46:54] error: [GET] /api/machine/byInventoryId/02.04.009.03.001.002-005 - CodeError: |Machine not found |||| Whole error object => [object Object]
[2025-06-22 22:46:55] error: [GET] /api/machine/byInventoryId/02.04.009.03.001.002-005 - CodeError: |Machine not found |||| Whole error object => [object Object]
[2025-06-22 22:46:57] error: [GET] /api/machine/byInventoryId/02.04.009.03.001.002-005 - CodeError: |Machine not found |||| Whole error object => [object Object]
[2025-06-22 22:47:01] error: [GET] /api/machine/byInventoryId/02.04.009.03.001.002-005 - CodeError: |Machine not found |||| Whole error object => [object Object]
[2025-06-22 22:47:30] error: [GET] /api/fetch-proxy?url=https://fa.yayasankaryabakti.org/aset/manageaset/detailbarcode/02.04.009.03.001.002-001-005/02.04.009.03.001.002-005 - undefined |||| Whole error object => Error [ERR_HTTP_HEADERS_SENT]: Cannot set headers after they are sent to the client
[2025-06-22 22:47:30] error: [GET] /api/machine/byInventoryId/02.04.009.03.001.002-005 - CodeError: |Machine not found |||| Whole error object => [object Object]
[2025-06-22 22:47:31] error: [GET] /api/machine/byInventoryId/02.04.009.03.001.002-005 - CodeError: |Machine not found |||| Whole error object => [object Object]
[2025-06-22 22:47:33] error: [GET] /api/machine/byInventoryId/02.04.009.03.001.002-005 - CodeError: |Machine not found |||| Whole error object => [object Object]
[2025-06-22 22:47:37] error: [GET] /api/machine/byInventoryId/02.04.009.03.001.002-005 - CodeError: |Machine not found |||| Whole error object => [object Object]
[2025-06-22 22:48:23] error: [GET] /api/fetch-proxy?url=https://fa.yayasankaryabakti.org/aset/manageaset/detailbarcode/02.04.009.03.001.002-001-005/02.04.009.03.001.002-005 - undefined |||| Whole error object => Error [ERR_HTTP_HEADERS_SENT]: Cannot set headers after they are sent to the client
[2025-06-22 22:50:04] error: [GET] /api/fetch-proxy?url=https://fa.yayasankaryabakti.org/aset/manageaset/detailbarcode/02.04.009.03.002.002-001-004/02.04.009.03.002.002-002 - undefined |||| Whole error object => Error [ERR_HTTP_HEADERS_SENT]: Cannot set headers after they are sent to the client
[2025-06-22 22:50:04] error: [GET] /api/machine/byInventoryId/02.04.009.03.002.002-002 - CodeError: |Machine not found |||| Whole error object => [object Object]
[2025-06-22 22:50:05] error: [GET] /api/machine/byInventoryId/02.04.009.03.002.002-002 - CodeError: |Machine not found |||| Whole error object => [object Object]
[2025-06-22 22:50:07] error: [GET] /api/machine/byInventoryId/02.04.009.03.002.002-002 - CodeError: |Machine not found |||| Whole error object => [object Object]
[2025-06-22 22:50:11] error: [GET] /api/machine/byInventoryId/02.04.009.03.002.002-002 - CodeError: |Machine not found |||| Whole error object => [object Object]
[2025-06-22 22:57:59] error: [GET] /api/fetch-proxy?url=https://fa.yayasankaryabakti.org/aset/manageaset/detailbarcode/02.04.009.03.002.002-001-004/02.04.009.03.002.002-002 - undefined |||| Whole error object => Error [ERR_HTTP_HEADERS_SENT]: Cannot set headers after they are sent to the client
[2025-06-22 23:02:03] error: [GET] /api/fetch-proxy?url=https://fa.yayasankaryabakti.org/aset/manageaset/detailbarcode/02.04.009.03.001.002-001-005/02.04.009.03.001.002-005 - undefined |||| Whole error object => Error [ERR_HTTP_HEADERS_SENT]: Cannot set headers after they are sent to the client
[2025-06-22 23:02:03] error: [GET] /api/machine/byInventoryId/02.04.009.03.001.002-005 - CodeError: |Machine not found |||| Whole error object => [object Object]
[2025-06-22 23:02:04] error: [GET] /api/machine/byInventoryId/02.04.009.03.001.002-005 - CodeError: |Machine not found |||| Whole error object => [object Object]
[2025-06-22 23:02:06] error: [GET] /api/machine/byInventoryId/02.04.009.03.001.002-005 - CodeError: |Machine not found |||| Whole error object => [object Object]
[2025-06-22 23:02:10] error: [GET] /api/machine/byInventoryId/02.04.009.03.001.002-005 - CodeError: |Machine not found |||| Whole error object => [object Object]
[2025-06-22 23:02:49] error: [GET] /api/fetch-proxy?url=https://fa.yayasankaryabakti.org/aset/manageaset/detailbarcode/02.04.009.03.002.002-001-004/02.04.009.03.002.002-002 - undefined |||| Whole error object => Error [ERR_HTTP_HEADERS_SENT]: Cannot set headers after they are sent to the client
[2025-06-22 23:02:49] error: [GET] /api/machine/byInventoryId/02.04.009.03.002.002-002 - CodeError: |Machine not found |||| Whole error object => [object Object]
[2025-06-22 23:02:50] error: [GET] /api/machine/byInventoryId/02.04.009.03.002.002-002 - CodeError: |Machine not found |||| Whole error object => [object Object]
[2025-06-22 23:02:52] error: [GET] /api/machine/byInventoryId/02.04.009.03.002.002-002 - CodeError: |Machine not found |||| Whole error object => [object Object]
[2025-06-22 23:02:56] error: [GET] /api/machine/byInventoryId/02.04.009.03.002.002-002 - CodeError: |Machine not found |||| Whole error object => [object Object]
[2025-06-22 23:08:02] error: [GET] /api/fetch-proxy?url=https://fa.yayasankaryabakti.org/aset/manageaset/detailbarcode/02.04.009.03.001.002-001-005/02.04.009.03.001.002-005 - undefined |||| Whole error object => Error [ERR_HTTP_HEADERS_SENT]: Cannot set headers after they are sent to the client
[2025-06-22 23:15:13] error: [GET] /api/fetch-proxy?url=https://fa.yayasankaryabakti.org/aset/manageaset/detailbarcode/02.04.009.03.002.002-001-004/02.04.009.03.002.002-002 - undefined |||| Whole error object => Error [ERR_HTTP_HEADERS_SENT]: Cannot set headers after they are sent to the client
[2025-06-22 23:32:44] error: [GET] /api/fetch-proxy?url=https://fa.yayasankaryabakti.org/aset/manageaset/detailbarcode/02.04.009.03.001.002-001-005/02.04.009.03.001.002-005 - undefined |||| Whole error object => Error [ERR_HTTP_HEADERS_SENT]: Cannot set headers after they are sent to the client
[2025-06-22 23:32:44] error: [GET] /api/machine/byInventoryId/02.04.009.03.001.002-005 - CodeError: |Machine not found |||| Whole error object => [object Object]
[2025-06-22 23:32:45] error: [GET] /api/machine/byInventoryId/02.04.009.03.001.002-005 - CodeError: |Machine not found |||| Whole error object => [object Object]
[2025-06-22 23:32:47] error: [GET] /api/machine/byInventoryId/02.04.009.03.001.002-005 - CodeError: |Machine not found |||| Whole error object => [object Object]
[2025-06-22 23:32:51] error: [GET] /api/machine/byInventoryId/02.04.009.03.001.002-005 - CodeError: |Machine not found |||| Whole error object => [object Object]
[2025-06-22 23:33:26] error: [GET] /api/fetch-proxy?url=https://fa.yayasankaryabakti.org/aset/manageaset/detailbarcode/02.04.009.03.002.002-001-004/02.04.009.03.002.002-002 - undefined |||| Whole error object => Error [ERR_HTTP_HEADERS_SENT]: Cannot set headers after they are sent to the client
[2025-06-22 23:33:26] error: [GET] /api/machine/byInventoryId/02.04.009.03.002.002-002 - CodeError: |Machine not found |||| Whole error object => [object Object]
[2025-06-22 23:33:27] error: [GET] /api/machine/byInventoryId/02.04.009.03.002.002-002 - CodeError: |Machine not found |||| Whole error object => [object Object]
[2025-06-22 23:33:29] error: [GET] /api/machine/byInventoryId/02.04.009.03.002.002-002 - CodeError: |Machine not found |||| Whole error object => [object Object]
[2025-06-22 23:33:33] error: [GET] /api/machine/byInventoryId/02.04.009.03.002.002-002 - CodeError: |Machine not found |||| Whole error object => [object Object]
[2025-06-22 23:34:21] error: [GET] /api/fetch-proxy?url=https://fa.yayasankaryabakti.org/aset/manageaset/detailbarcode/02.04.009.03.001.002-001-005/02.04.009.03.001.002-005 - undefined |||| Whole error object => Error [ERR_HTTP_HEADERS_SENT]: Cannot set headers after they are sent to the client
[2025-06-22 23:38:18] error: [GET] /api/fetch-proxy?url=https://fa.yayasankaryabakti.org/aset/manageaset/detailbarcode/02.04.009.03.002.002-001-004/02.04.009.03.002.002-002 - undefined |||| Whole error object => Error [ERR_HTTP_HEADERS_SENT]: Cannot set headers after they are sent to the client
[2025-06-22 23:44:02] error: [GET] /api/fetch-proxy?url=https://fa.yayasankaryabakti.org/aset/manageaset/detailbarcode/02.04.009.03.001.002-001-005/02.04.009.03.001.002-005 - undefined |||| Whole error object => Error [ERR_HTTP_HEADERS_SENT]: Cannot set headers after they are sent to the client
[2025-06-22 23:44:55] error: [POST] /api/maintenance - undefined |||| Whole error object => CodeError: |Maintenance for today already exists
